<?xml version="1.0" encoding="UTF-8"?>
<testsuite xmlns:xsi="http://www.w3.org/2001/XMLSchema-instance" xsi:noNamespaceSchemaLocation="https://maven.apache.org/surefire/maven-surefire-plugin/xsd/surefire-test-report.xsd" name="BootTest" time="11.777" tests="2" errors="0" skipped="0" failures="0">
  <properties>
    <property name="sun.desktop" value="windows"/>
    <property name="awt.toolkit" value="sun.awt.windows.WToolkit"/>
    <property name="file.encoding.pkg" value="sun.io"/>
    <property name="java.specification.version" value="1.8"/>
    <property name="sun.cpu.isalist" value="amd64"/>
    <property name="sun.jnu.encoding" value="GBK"/>
    <property name="java.class.path" value="C:\Users\王超杰\Desktop\MS\MS_Project\target\test-classes;C:\Users\王超杰\Desktop\MS\MS_Project\target\classes;D:\Java\apache-maven-3.6.3-bin\newrepository\org\springframework\boot\spring-boot-starter-web\2.3.2.RELEASE\spring-boot-starter-web-2.3.2.RELEASE.jar;D:\Java\apache-maven-3.6.3-bin\newrepository\org\springframework\boot\spring-boot-starter\2.3.2.RELEASE\spring-boot-starter-2.3.2.RELEASE.jar;D:\Java\apache-maven-3.6.3-bin\newrepository\org\springframework\boot\spring-boot-starter-logging\2.3.2.RELEASE\spring-boot-starter-logging-2.3.2.RELEASE.jar;D:\Java\apache-maven-3.6.3-bin\newrepository\ch\qos\logback\logback-classic\1.2.3\logback-classic-1.2.3.jar;D:\Java\apache-maven-3.6.3-bin\newrepository\ch\qos\logback\logback-core\1.2.3\logback-core-1.2.3.jar;D:\Java\apache-maven-3.6.3-bin\newrepository\org\apache\logging\log4j\log4j-to-slf4j\2.13.3\log4j-to-slf4j-2.13.3.jar;D:\Java\apache-maven-3.6.3-bin\newrepository\org\apache\logging\log4j\log4j-api\2.13.3\log4j-api-2.13.3.jar;D:\Java\apache-maven-3.6.3-bin\newrepository\org\slf4j\jul-to-slf4j\1.7.30\jul-to-slf4j-1.7.30.jar;D:\Java\apache-maven-3.6.3-bin\newrepository\jakarta\annotation\jakarta.annotation-api\1.3.5\jakarta.annotation-api-1.3.5.jar;D:\Java\apache-maven-3.6.3-bin\newrepository\org\yaml\snakeyaml\1.26\snakeyaml-1.26.jar;D:\Java\apache-maven-3.6.3-bin\newrepository\org\springframework\boot\spring-boot-starter-json\2.3.2.RELEASE\spring-boot-starter-json-2.3.2.RELEASE.jar;D:\Java\apache-maven-3.6.3-bin\newrepository\com\fasterxml\jackson\core\jackson-databind\2.11.1\jackson-databind-2.11.1.jar;D:\Java\apache-maven-3.6.3-bin\newrepository\com\fasterxml\jackson\core\jackson-annotations\2.11.1\jackson-annotations-2.11.1.jar;D:\Java\apache-maven-3.6.3-bin\newrepository\com\fasterxml\jackson\core\jackson-core\2.11.1\jackson-core-2.11.1.jar;D:\Java\apache-maven-3.6.3-bin\newrepository\com\fasterxml\jackson\datatype\jackson-datatype-jdk8\2.11.1\jackson-datatype-jdk8-2.11.1.jar;D:\Java\apache-maven-3.6.3-bin\newrepository\com\fasterxml\jackson\datatype\jackson-datatype-jsr310\2.11.1\jackson-datatype-jsr310-2.11.1.jar;D:\Java\apache-maven-3.6.3-bin\newrepository\com\fasterxml\jackson\module\jackson-module-parameter-names\2.11.1\jackson-module-parameter-names-2.11.1.jar;D:\Java\apache-maven-3.6.3-bin\newrepository\org\springframework\boot\spring-boot-starter-tomcat\2.3.2.RELEASE\spring-boot-starter-tomcat-2.3.2.RELEASE.jar;D:\Java\apache-maven-3.6.3-bin\newrepository\org\apache\tomcat\embed\tomcat-embed-core\9.0.37\tomcat-embed-core-9.0.37.jar;D:\Java\apache-maven-3.6.3-bin\newrepository\org\glassfish\jakarta.el\3.0.3\jakarta.el-3.0.3.jar;D:\Java\apache-maven-3.6.3-bin\newrepository\org\apache\tomcat\embed\tomcat-embed-websocket\9.0.37\tomcat-embed-websocket-9.0.37.jar;D:\Java\apache-maven-3.6.3-bin\newrepository\org\springframework\spring-web\5.2.8.RELEASE\spring-web-5.2.8.RELEASE.jar;D:\Java\apache-maven-3.6.3-bin\newrepository\org\springframework\spring-beans\5.2.8.RELEASE\spring-beans-5.2.8.RELEASE.jar;D:\Java\apache-maven-3.6.3-bin\newrepository\org\springframework\spring-webmvc\5.2.8.RELEASE\spring-webmvc-5.2.8.RELEASE.jar;D:\Java\apache-maven-3.6.3-bin\newrepository\org\springframework\spring-aop\5.2.8.RELEASE\spring-aop-5.2.8.RELEASE.jar;D:\Java\apache-maven-3.6.3-bin\newrepository\org\springframework\spring-context\5.2.8.RELEASE\spring-context-5.2.8.RELEASE.jar;D:\Java\apache-maven-3.6.3-bin\newrepository\org\springframework\spring-expression\5.2.8.RELEASE\spring-expression-5.2.8.RELEASE.jar;D:\Java\apache-maven-3.6.3-bin\newrepository\org\projectlombok\lombok\1.18.12\lombok-1.18.12.jar;D:\Java\apache-maven-3.6.3-bin\newrepository\org\springframework\boot\spring-boot-starter-thymeleaf\2.3.2.RELEASE\spring-boot-starter-thymeleaf-2.3.2.RELEASE.jar;D:\Java\apache-maven-3.6.3-bin\newrepository\org\thymeleaf\thymeleaf-spring5\3.0.11.RELEASE\thymeleaf-spring5-3.0.11.RELEASE.jar;D:\Java\apache-maven-3.6.3-bin\newrepository\org\thymeleaf\thymeleaf\3.0.11.RELEASE\thymeleaf-3.0.11.RELEASE.jar;D:\Java\apache-maven-3.6.3-bin\newrepository\org\attoparser\attoparser\2.0.5.RELEASE\attoparser-2.0.5.RELEASE.jar;D:\Java\apache-maven-3.6.3-bin\newrepository\org\unbescape\unbescape\1.1.6.RELEASE\unbescape-1.1.6.RELEASE.jar;D:\Java\apache-maven-3.6.3-bin\newrepository\org\slf4j\slf4j-api\1.7.30\slf4j-api-1.7.30.jar;D:\Java\apache-maven-3.6.3-bin\newrepository\org\thymeleaf\extras\thymeleaf-extras-java8time\3.0.4.RELEASE\thymeleaf-extras-java8time-3.0.4.RELEASE.jar;D:\Java\apache-maven-3.6.3-bin\newrepository\mysql\mysql-connector-java\8.0.21\mysql-connector-java-8.0.21.jar;D:\Java\apache-maven-3.6.3-bin\newrepository\org\mybatis\spring\boot\mybatis-spring-boot-starter\1.3.0\mybatis-spring-boot-starter-1.3.0.jar;D:\Java\apache-maven-3.6.3-bin\newrepository\org\springframework\boot\spring-boot-starter-jdbc\2.3.2.RELEASE\spring-boot-starter-jdbc-2.3.2.RELEASE.jar;D:\Java\apache-maven-3.6.3-bin\newrepository\com\zaxxer\HikariCP\3.4.5\HikariCP-3.4.5.jar;D:\Java\apache-maven-3.6.3-bin\newrepository\org\springframework\spring-jdbc\5.2.8.RELEASE\spring-jdbc-5.2.8.RELEASE.jar;D:\Java\apache-maven-3.6.3-bin\newrepository\org\mybatis\spring\boot\mybatis-spring-boot-autoconfigure\1.3.0\mybatis-spring-boot-autoconfigure-1.3.0.jar;D:\Java\apache-maven-3.6.3-bin\newrepository\org\mybatis\mybatis\3.4.4\mybatis-3.4.4.jar;D:\Java\apache-maven-3.6.3-bin\newrepository\org\mybatis\mybatis-spring\1.3.1\mybatis-spring-1.3.1.jar;D:\Java\apache-maven-3.6.3-bin\newrepository\com\github\pagehelper\pagehelper\5.0.0\pagehelper-5.0.0.jar;D:\Java\apache-maven-3.6.3-bin\newrepository\com\github\jsqlparser\jsqlparser\0.9.5\jsqlparser-0.9.5.jar;D:\Java\apache-maven-3.6.3-bin\newrepository\org\springframework\boot\spring-boot-starter-test\2.3.2.RELEASE\spring-boot-starter-test-2.3.2.RELEASE.jar;D:\Java\apache-maven-3.6.3-bin\newrepository\org\springframework\boot\spring-boot-test\2.3.2.RELEASE\spring-boot-test-2.3.2.RELEASE.jar;D:\Java\apache-maven-3.6.3-bin\newrepository\org\springframework\boot\spring-boot-test-autoconfigure\2.3.2.RELEASE\spring-boot-test-autoconfigure-2.3.2.RELEASE.jar;D:\Java\apache-maven-3.6.3-bin\newrepository\com\jayway\jsonpath\json-path\2.4.0\json-path-2.4.0.jar;D:\Java\apache-maven-3.6.3-bin\newrepository\net\minidev\json-smart\2.3\json-smart-2.3.jar;D:\Java\apache-maven-3.6.3-bin\newrepository\net\minidev\accessors-smart\1.2\accessors-smart-1.2.jar;D:\Java\apache-maven-3.6.3-bin\newrepository\org\ow2\asm\asm\5.0.4\asm-5.0.4.jar;D:\Java\apache-maven-3.6.3-bin\newrepository\jakarta\xml\bind\jakarta.xml.bind-api\2.3.3\jakarta.xml.bind-api-2.3.3.jar;D:\Java\apache-maven-3.6.3-bin\newrepository\jakarta\activation\jakarta.activation-api\1.2.2\jakarta.activation-api-1.2.2.jar;D:\Java\apache-maven-3.6.3-bin\newrepository\org\assertj\assertj-core\3.16.1\assertj-core-3.16.1.jar;D:\Java\apache-maven-3.6.3-bin\newrepository\org\hamcrest\hamcrest\2.2\hamcrest-2.2.jar;D:\Java\apache-maven-3.6.3-bin\newrepository\org\junit\jupiter\junit-jupiter\5.6.2\junit-jupiter-5.6.2.jar;D:\Java\apache-maven-3.6.3-bin\newrepository\org\junit\jupiter\junit-jupiter-api\5.6.2\junit-jupiter-api-5.6.2.jar;D:\Java\apache-maven-3.6.3-bin\newrepository\org\opentest4j\opentest4j\1.2.0\opentest4j-1.2.0.jar;D:\Java\apache-maven-3.6.3-bin\newrepository\org\junit\platform\junit-platform-commons\1.6.2\junit-platform-commons-1.6.2.jar;D:\Java\apache-maven-3.6.3-bin\newrepository\org\junit\jupiter\junit-jupiter-params\5.6.2\junit-jupiter-params-5.6.2.jar;D:\Java\apache-maven-3.6.3-bin\newrepository\org\junit\jupiter\junit-jupiter-engine\5.6.2\junit-jupiter-engine-5.6.2.jar;D:\Java\apache-maven-3.6.3-bin\newrepository\org\junit\vintage\junit-vintage-engine\5.6.2\junit-vintage-engine-5.6.2.jar;D:\Java\apache-maven-3.6.3-bin\newrepository\org\apiguardian\apiguardian-api\1.1.0\apiguardian-api-1.1.0.jar;D:\Java\apache-maven-3.6.3-bin\newrepository\org\junit\platform\junit-platform-engine\1.6.2\junit-platform-engine-1.6.2.jar;D:\Java\apache-maven-3.6.3-bin\newrepository\junit\junit\4.13\junit-4.13.jar;D:\Java\apache-maven-3.6.3-bin\newrepository\org\mockito\mockito-core\3.3.3\mockito-core-3.3.3.jar;D:\Java\apache-maven-3.6.3-bin\newrepository\net\bytebuddy\byte-buddy\1.10.13\byte-buddy-1.10.13.jar;D:\Java\apache-maven-3.6.3-bin\newrepository\net\bytebuddy\byte-buddy-agent\1.10.13\byte-buddy-agent-1.10.13.jar;D:\Java\apache-maven-3.6.3-bin\newrepository\org\objenesis\objenesis\2.6\objenesis-2.6.jar;D:\Java\apache-maven-3.6.3-bin\newrepository\org\mockito\mockito-junit-jupiter\3.3.3\mockito-junit-jupiter-3.3.3.jar;D:\Java\apache-maven-3.6.3-bin\newrepository\org\skyscreamer\jsonassert\1.5.0\jsonassert-1.5.0.jar;D:\Java\apache-maven-3.6.3-bin\newrepository\com\vaadin\external\google\android-json\0.0.20131108.vaadin1\android-json-0.0.20131108.vaadin1.jar;D:\Java\apache-maven-3.6.3-bin\newrepository\org\springframework\spring-core\5.2.8.RELEASE\spring-core-5.2.8.RELEASE.jar;D:\Java\apache-maven-3.6.3-bin\newrepository\org\springframework\spring-jcl\5.2.8.RELEASE\spring-jcl-5.2.8.RELEASE.jar;D:\Java\apache-maven-3.6.3-bin\newrepository\org\springframework\spring-test\5.2.8.RELEASE\spring-test-5.2.8.RELEASE.jar;D:\Java\apache-maven-3.6.3-bin\newrepository\org\xmlunit\xmlunit-core\2.7.0\xmlunit-core-2.7.0.jar;D:\Java\apache-maven-3.6.3-bin\newrepository\cn\hutool\hutool-all\5.3.10\hutool-all-5.3.10.jar;D:\Java\apache-maven-3.6.3-bin\newrepository\org\springframework\boot\spring-boot-starter-mail\2.3.2.RELEASE\spring-boot-starter-mail-2.3.2.RELEASE.jar;D:\Java\apache-maven-3.6.3-bin\newrepository\org\springframework\spring-context-support\5.2.8.RELEASE\spring-context-support-5.2.8.RELEASE.jar;D:\Java\apache-maven-3.6.3-bin\newrepository\com\sun\mail\jakarta.mail\1.6.5\jakarta.mail-1.6.5.jar;D:\Java\apache-maven-3.6.3-bin\newrepository\com\sun\activation\jakarta.activation\1.2.2\jakarta.activation-1.2.2.jar;D:\Java\apache-maven-3.6.3-bin\newrepository\org\springframework\boot\spring-boot-starter-data-redis\2.3.2.RELEASE\spring-boot-starter-data-redis-2.3.2.RELEASE.jar;D:\Java\apache-maven-3.6.3-bin\newrepository\org\springframework\data\spring-data-redis\2.3.2.RELEASE\spring-data-redis-2.3.2.RELEASE.jar;D:\Java\apache-maven-3.6.3-bin\newrepository\org\springframework\data\spring-data-keyvalue\2.3.2.RELEASE\spring-data-keyvalue-2.3.2.RELEASE.jar;D:\Java\apache-maven-3.6.3-bin\newrepository\org\springframework\data\spring-data-commons\2.3.2.RELEASE\spring-data-commons-2.3.2.RELEASE.jar;D:\Java\apache-maven-3.6.3-bin\newrepository\org\springframework\spring-tx\5.2.8.RELEASE\spring-tx-5.2.8.RELEASE.jar;D:\Java\apache-maven-3.6.3-bin\newrepository\org\springframework\spring-oxm\5.2.8.RELEASE\spring-oxm-5.2.8.RELEASE.jar;D:\Java\apache-maven-3.6.3-bin\newrepository\io\lettuce\lettuce-core\5.3.2.RELEASE\lettuce-core-5.3.2.RELEASE.jar;D:\Java\apache-maven-3.6.3-bin\newrepository\io\netty\netty-common\4.1.51.Final\netty-common-4.1.51.Final.jar;D:\Java\apache-maven-3.6.3-bin\newrepository\io\netty\netty-handler\4.1.51.Final\netty-handler-4.1.51.Final.jar;D:\Java\apache-maven-3.6.3-bin\newrepository\io\netty\netty-resolver\4.1.51.Final\netty-resolver-4.1.51.Final.jar;D:\Java\apache-maven-3.6.3-bin\newrepository\io\netty\netty-buffer\4.1.51.Final\netty-buffer-4.1.51.Final.jar;D:\Java\apache-maven-3.6.3-bin\newrepository\io\netty\netty-codec\4.1.51.Final\netty-codec-4.1.51.Final.jar;D:\Java\apache-maven-3.6.3-bin\newrepository\io\netty\netty-transport\4.1.51.Final\netty-transport-4.1.51.Final.jar;D:\Java\apache-maven-3.6.3-bin\newrepository\io\projectreactor\reactor-core\3.3.8.RELEASE\reactor-core-3.3.8.RELEASE.jar;D:\Java\apache-maven-3.6.3-bin\newrepository\org\reactivestreams\reactive-streams\1.0.3\reactive-streams-1.0.3.jar;D:\Java\apache-maven-3.6.3-bin\newrepository\org\springframework\boot\spring-boot-devtools\2.3.2.RELEASE\spring-boot-devtools-2.3.2.RELEASE.jar;D:\Java\apache-maven-3.6.3-bin\newrepository\org\springframework\boot\spring-boot\2.3.2.RELEASE\spring-boot-2.3.2.RELEASE.jar;D:\Java\apache-maven-3.6.3-bin\newrepository\org\springframework\boot\spring-boot-autoconfigure\2.3.2.RELEASE\spring-boot-autoconfigure-2.3.2.RELEASE.jar;"/>
    <property name="java.vm.vendor" value="Oracle Corporation"/>
    <property name="sun.arch.data.model" value="64"/>
    <property name="user.variant" value=""/>
    <property name="java.vendor.url" value="http://java.oracle.com/"/>
    <property name="user.timezone" value="Asia/Shanghai"/>
    <property name="java.vm.specification.version" value="1.8"/>
    <property name="os.name" value="Windows 10"/>
    <property name="user.country" value="CN"/>
    <property name="sun.java.launcher" value="SUN_STANDARD"/>
    <property name="sun.boot.library.path" value="D:\Java\JDK\jre\bin"/>
    <property name="sun.java.command" value="C:\Users\王超杰\AppData\Local\Temp\surefire1780534188460959607\surefirebooter91043618693950614.jar C:\Users\王超杰\AppData\Local\Temp\surefire1780534188460959607 2021-09-20T23-09-37_297-jvmRun1 surefire374337142396949184tmp surefire_0499051786351833542tmp"/>
    <property name="surefire.test.class.path" value="C:\Users\王超杰\Desktop\MS\MS_Project\target\test-classes;C:\Users\王超杰\Desktop\MS\MS_Project\target\classes;D:\Java\apache-maven-3.6.3-bin\newrepository\org\springframework\boot\spring-boot-starter-web\2.3.2.RELEASE\spring-boot-starter-web-2.3.2.RELEASE.jar;D:\Java\apache-maven-3.6.3-bin\newrepository\org\springframework\boot\spring-boot-starter\2.3.2.RELEASE\spring-boot-starter-2.3.2.RELEASE.jar;D:\Java\apache-maven-3.6.3-bin\newrepository\org\springframework\boot\spring-boot-starter-logging\2.3.2.RELEASE\spring-boot-starter-logging-2.3.2.RELEASE.jar;D:\Java\apache-maven-3.6.3-bin\newrepository\ch\qos\logback\logback-classic\1.2.3\logback-classic-1.2.3.jar;D:\Java\apache-maven-3.6.3-bin\newrepository\ch\qos\logback\logback-core\1.2.3\logback-core-1.2.3.jar;D:\Java\apache-maven-3.6.3-bin\newrepository\org\apache\logging\log4j\log4j-to-slf4j\2.13.3\log4j-to-slf4j-2.13.3.jar;D:\Java\apache-maven-3.6.3-bin\newrepository\org\apache\logging\log4j\log4j-api\2.13.3\log4j-api-2.13.3.jar;D:\Java\apache-maven-3.6.3-bin\newrepository\org\slf4j\jul-to-slf4j\1.7.30\jul-to-slf4j-1.7.30.jar;D:\Java\apache-maven-3.6.3-bin\newrepository\jakarta\annotation\jakarta.annotation-api\1.3.5\jakarta.annotation-api-1.3.5.jar;D:\Java\apache-maven-3.6.3-bin\newrepository\org\yaml\snakeyaml\1.26\snakeyaml-1.26.jar;D:\Java\apache-maven-3.6.3-bin\newrepository\org\springframework\boot\spring-boot-starter-json\2.3.2.RELEASE\spring-boot-starter-json-2.3.2.RELEASE.jar;D:\Java\apache-maven-3.6.3-bin\newrepository\com\fasterxml\jackson\core\jackson-databind\2.11.1\jackson-databind-2.11.1.jar;D:\Java\apache-maven-3.6.3-bin\newrepository\com\fasterxml\jackson\core\jackson-annotations\2.11.1\jackson-annotations-2.11.1.jar;D:\Java\apache-maven-3.6.3-bin\newrepository\com\fasterxml\jackson\core\jackson-core\2.11.1\jackson-core-2.11.1.jar;D:\Java\apache-maven-3.6.3-bin\newrepository\com\fasterxml\jackson\datatype\jackson-datatype-jdk8\2.11.1\jackson-datatype-jdk8-2.11.1.jar;D:\Java\apache-maven-3.6.3-bin\newrepository\com\fasterxml\jackson\datatype\jackson-datatype-jsr310\2.11.1\jackson-datatype-jsr310-2.11.1.jar;D:\Java\apache-maven-3.6.3-bin\newrepository\com\fasterxml\jackson\module\jackson-module-parameter-names\2.11.1\jackson-module-parameter-names-2.11.1.jar;D:\Java\apache-maven-3.6.3-bin\newrepository\org\springframework\boot\spring-boot-starter-tomcat\2.3.2.RELEASE\spring-boot-starter-tomcat-2.3.2.RELEASE.jar;D:\Java\apache-maven-3.6.3-bin\newrepository\org\apache\tomcat\embed\tomcat-embed-core\9.0.37\tomcat-embed-core-9.0.37.jar;D:\Java\apache-maven-3.6.3-bin\newrepository\org\glassfish\jakarta.el\3.0.3\jakarta.el-3.0.3.jar;D:\Java\apache-maven-3.6.3-bin\newrepository\org\apache\tomcat\embed\tomcat-embed-websocket\9.0.37\tomcat-embed-websocket-9.0.37.jar;D:\Java\apache-maven-3.6.3-bin\newrepository\org\springframework\spring-web\5.2.8.RELEASE\spring-web-5.2.8.RELEASE.jar;D:\Java\apache-maven-3.6.3-bin\newrepository\org\springframework\spring-beans\5.2.8.RELEASE\spring-beans-5.2.8.RELEASE.jar;D:\Java\apache-maven-3.6.3-bin\newrepository\org\springframework\spring-webmvc\5.2.8.RELEASE\spring-webmvc-5.2.8.RELEASE.jar;D:\Java\apache-maven-3.6.3-bin\newrepository\org\springframework\spring-aop\5.2.8.RELEASE\spring-aop-5.2.8.RELEASE.jar;D:\Java\apache-maven-3.6.3-bin\newrepository\org\springframework\spring-context\5.2.8.RELEASE\spring-context-5.2.8.RELEASE.jar;D:\Java\apache-maven-3.6.3-bin\newrepository\org\springframework\spring-expression\5.2.8.RELEASE\spring-expression-5.2.8.RELEASE.jar;D:\Java\apache-maven-3.6.3-bin\newrepository\org\projectlombok\lombok\1.18.12\lombok-1.18.12.jar;D:\Java\apache-maven-3.6.3-bin\newrepository\org\springframework\boot\spring-boot-starter-thymeleaf\2.3.2.RELEASE\spring-boot-starter-thymeleaf-2.3.2.RELEASE.jar;D:\Java\apache-maven-3.6.3-bin\newrepository\org\thymeleaf\thymeleaf-spring5\3.0.11.RELEASE\thymeleaf-spring5-3.0.11.RELEASE.jar;D:\Java\apache-maven-3.6.3-bin\newrepository\org\thymeleaf\thymeleaf\3.0.11.RELEASE\thymeleaf-3.0.11.RELEASE.jar;D:\Java\apache-maven-3.6.3-bin\newrepository\org\attoparser\attoparser\2.0.5.RELEASE\attoparser-2.0.5.RELEASE.jar;D:\Java\apache-maven-3.6.3-bin\newrepository\org\unbescape\unbescape\1.1.6.RELEASE\unbescape-1.1.6.RELEASE.jar;D:\Java\apache-maven-3.6.3-bin\newrepository\org\slf4j\slf4j-api\1.7.30\slf4j-api-1.7.30.jar;D:\Java\apache-maven-3.6.3-bin\newrepository\org\thymeleaf\extras\thymeleaf-extras-java8time\3.0.4.RELEASE\thymeleaf-extras-java8time-3.0.4.RELEASE.jar;D:\Java\apache-maven-3.6.3-bin\newrepository\mysql\mysql-connector-java\8.0.21\mysql-connector-java-8.0.21.jar;D:\Java\apache-maven-3.6.3-bin\newrepository\org\mybatis\spring\boot\mybatis-spring-boot-starter\1.3.0\mybatis-spring-boot-starter-1.3.0.jar;D:\Java\apache-maven-3.6.3-bin\newrepository\org\springframework\boot\spring-boot-starter-jdbc\2.3.2.RELEASE\spring-boot-starter-jdbc-2.3.2.RELEASE.jar;D:\Java\apache-maven-3.6.3-bin\newrepository\com\zaxxer\HikariCP\3.4.5\HikariCP-3.4.5.jar;D:\Java\apache-maven-3.6.3-bin\newrepository\org\springframework\spring-jdbc\5.2.8.RELEASE\spring-jdbc-5.2.8.RELEASE.jar;D:\Java\apache-maven-3.6.3-bin\newrepository\org\mybatis\spring\boot\mybatis-spring-boot-autoconfigure\1.3.0\mybatis-spring-boot-autoconfigure-1.3.0.jar;D:\Java\apache-maven-3.6.3-bin\newrepository\org\mybatis\mybatis\3.4.4\mybatis-3.4.4.jar;D:\Java\apache-maven-3.6.3-bin\newrepository\org\mybatis\mybatis-spring\1.3.1\mybatis-spring-1.3.1.jar;D:\Java\apache-maven-3.6.3-bin\newrepository\com\github\pagehelper\pagehelper\5.0.0\pagehelper-5.0.0.jar;D:\Java\apache-maven-3.6.3-bin\newrepository\com\github\jsqlparser\jsqlparser\0.9.5\jsqlparser-0.9.5.jar;D:\Java\apache-maven-3.6.3-bin\newrepository\org\springframework\boot\spring-boot-starter-test\2.3.2.RELEASE\spring-boot-starter-test-2.3.2.RELEASE.jar;D:\Java\apache-maven-3.6.3-bin\newrepository\org\springframework\boot\spring-boot-test\2.3.2.RELEASE\spring-boot-test-2.3.2.RELEASE.jar;D:\Java\apache-maven-3.6.3-bin\newrepository\org\springframework\boot\spring-boot-test-autoconfigure\2.3.2.RELEASE\spring-boot-test-autoconfigure-2.3.2.RELEASE.jar;D:\Java\apache-maven-3.6.3-bin\newrepository\com\jayway\jsonpath\json-path\2.4.0\json-path-2.4.0.jar;D:\Java\apache-maven-3.6.3-bin\newrepository\net\minidev\json-smart\2.3\json-smart-2.3.jar;D:\Java\apache-maven-3.6.3-bin\newrepository\net\minidev\accessors-smart\1.2\accessors-smart-1.2.jar;D:\Java\apache-maven-3.6.3-bin\newrepository\org\ow2\asm\asm\5.0.4\asm-5.0.4.jar;D:\Java\apache-maven-3.6.3-bin\newrepository\jakarta\xml\bind\jakarta.xml.bind-api\2.3.3\jakarta.xml.bind-api-2.3.3.jar;D:\Java\apache-maven-3.6.3-bin\newrepository\jakarta\activation\jakarta.activation-api\1.2.2\jakarta.activation-api-1.2.2.jar;D:\Java\apache-maven-3.6.3-bin\newrepository\org\assertj\assertj-core\3.16.1\assertj-core-3.16.1.jar;D:\Java\apache-maven-3.6.3-bin\newrepository\org\hamcrest\hamcrest\2.2\hamcrest-2.2.jar;D:\Java\apache-maven-3.6.3-bin\newrepository\org\junit\jupiter\junit-jupiter\5.6.2\junit-jupiter-5.6.2.jar;D:\Java\apache-maven-3.6.3-bin\newrepository\org\junit\jupiter\junit-jupiter-api\5.6.2\junit-jupiter-api-5.6.2.jar;D:\Java\apache-maven-3.6.3-bin\newrepository\org\opentest4j\opentest4j\1.2.0\opentest4j-1.2.0.jar;D:\Java\apache-maven-3.6.3-bin\newrepository\org\junit\platform\junit-platform-commons\1.6.2\junit-platform-commons-1.6.2.jar;D:\Java\apache-maven-3.6.3-bin\newrepository\org\junit\jupiter\junit-jupiter-params\5.6.2\junit-jupiter-params-5.6.2.jar;D:\Java\apache-maven-3.6.3-bin\newrepository\org\junit\jupiter\junit-jupiter-engine\5.6.2\junit-jupiter-engine-5.6.2.jar;D:\Java\apache-maven-3.6.3-bin\newrepository\org\junit\vintage\junit-vintage-engine\5.6.2\junit-vintage-engine-5.6.2.jar;D:\Java\apache-maven-3.6.3-bin\newrepository\org\apiguardian\apiguardian-api\1.1.0\apiguardian-api-1.1.0.jar;D:\Java\apache-maven-3.6.3-bin\newrepository\org\junit\platform\junit-platform-engine\1.6.2\junit-platform-engine-1.6.2.jar;D:\Java\apache-maven-3.6.3-bin\newrepository\junit\junit\4.13\junit-4.13.jar;D:\Java\apache-maven-3.6.3-bin\newrepository\org\mockito\mockito-core\3.3.3\mockito-core-3.3.3.jar;D:\Java\apache-maven-3.6.3-bin\newrepository\net\bytebuddy\byte-buddy\1.10.13\byte-buddy-1.10.13.jar;D:\Java\apache-maven-3.6.3-bin\newrepository\net\bytebuddy\byte-buddy-agent\1.10.13\byte-buddy-agent-1.10.13.jar;D:\Java\apache-maven-3.6.3-bin\newrepository\org\objenesis\objenesis\2.6\objenesis-2.6.jar;D:\Java\apache-maven-3.6.3-bin\newrepository\org\mockito\mockito-junit-jupiter\3.3.3\mockito-junit-jupiter-3.3.3.jar;D:\Java\apache-maven-3.6.3-bin\newrepository\org\skyscreamer\jsonassert\1.5.0\jsonassert-1.5.0.jar;D:\Java\apache-maven-3.6.3-bin\newrepository\com\vaadin\external\google\android-json\0.0.20131108.vaadin1\android-json-0.0.20131108.vaadin1.jar;D:\Java\apache-maven-3.6.3-bin\newrepository\org\springframework\spring-core\5.2.8.RELEASE\spring-core-5.2.8.RELEASE.jar;D:\Java\apache-maven-3.6.3-bin\newrepository\org\springframework\spring-jcl\5.2.8.RELEASE\spring-jcl-5.2.8.RELEASE.jar;D:\Java\apache-maven-3.6.3-bin\newrepository\org\springframework\spring-test\5.2.8.RELEASE\spring-test-5.2.8.RELEASE.jar;D:\Java\apache-maven-3.6.3-bin\newrepository\org\xmlunit\xmlunit-core\2.7.0\xmlunit-core-2.7.0.jar;D:\Java\apache-maven-3.6.3-bin\newrepository\cn\hutool\hutool-all\5.3.10\hutool-all-5.3.10.jar;D:\Java\apache-maven-3.6.3-bin\newrepository\org\springframework\boot\spring-boot-starter-mail\2.3.2.RELEASE\spring-boot-starter-mail-2.3.2.RELEASE.jar;D:\Java\apache-maven-3.6.3-bin\newrepository\org\springframework\spring-context-support\5.2.8.RELEASE\spring-context-support-5.2.8.RELEASE.jar;D:\Java\apache-maven-3.6.3-bin\newrepository\com\sun\mail\jakarta.mail\1.6.5\jakarta.mail-1.6.5.jar;D:\Java\apache-maven-3.6.3-bin\newrepository\com\sun\activation\jakarta.activation\1.2.2\jakarta.activation-1.2.2.jar;D:\Java\apache-maven-3.6.3-bin\newrepository\org\springframework\boot\spring-boot-starter-data-redis\2.3.2.RELEASE\spring-boot-starter-data-redis-2.3.2.RELEASE.jar;D:\Java\apache-maven-3.6.3-bin\newrepository\org\springframework\data\spring-data-redis\2.3.2.RELEASE\spring-data-redis-2.3.2.RELEASE.jar;D:\Java\apache-maven-3.6.3-bin\newrepository\org\springframework\data\spring-data-keyvalue\2.3.2.RELEASE\spring-data-keyvalue-2.3.2.RELEASE.jar;D:\Java\apache-maven-3.6.3-bin\newrepository\org\springframework\data\spring-data-commons\2.3.2.RELEASE\spring-data-commons-2.3.2.RELEASE.jar;D:\Java\apache-maven-3.6.3-bin\newrepository\org\springframework\spring-tx\5.2.8.RELEASE\spring-tx-5.2.8.RELEASE.jar;D:\Java\apache-maven-3.6.3-bin\newrepository\org\springframework\spring-oxm\5.2.8.RELEASE\spring-oxm-5.2.8.RELEASE.jar;D:\Java\apache-maven-3.6.3-bin\newrepository\io\lettuce\lettuce-core\5.3.2.RELEASE\lettuce-core-5.3.2.RELEASE.jar;D:\Java\apache-maven-3.6.3-bin\newrepository\io\netty\netty-common\4.1.51.Final\netty-common-4.1.51.Final.jar;D:\Java\apache-maven-3.6.3-bin\newrepository\io\netty\netty-handler\4.1.51.Final\netty-handler-4.1.51.Final.jar;D:\Java\apache-maven-3.6.3-bin\newrepository\io\netty\netty-resolver\4.1.51.Final\netty-resolver-4.1.51.Final.jar;D:\Java\apache-maven-3.6.3-bin\newrepository\io\netty\netty-buffer\4.1.51.Final\netty-buffer-4.1.51.Final.jar;D:\Java\apache-maven-3.6.3-bin\newrepository\io\netty\netty-codec\4.1.51.Final\netty-codec-4.1.51.Final.jar;D:\Java\apache-maven-3.6.3-bin\newrepository\io\netty\netty-transport\4.1.51.Final\netty-transport-4.1.51.Final.jar;D:\Java\apache-maven-3.6.3-bin\newrepository\io\projectreactor\reactor-core\3.3.8.RELEASE\reactor-core-3.3.8.RELEASE.jar;D:\Java\apache-maven-3.6.3-bin\newrepository\org\reactivestreams\reactive-streams\1.0.3\reactive-streams-1.0.3.jar;D:\Java\apache-maven-3.6.3-bin\newrepository\org\springframework\boot\spring-boot-devtools\2.3.2.RELEASE\spring-boot-devtools-2.3.2.RELEASE.jar;D:\Java\apache-maven-3.6.3-bin\newrepository\org\springframework\boot\spring-boot\2.3.2.RELEASE\spring-boot-2.3.2.RELEASE.jar;D:\Java\apache-maven-3.6.3-bin\newrepository\org\springframework\boot\spring-boot-autoconfigure\2.3.2.RELEASE\spring-boot-autoconfigure-2.3.2.RELEASE.jar;"/>
    <property name="sun.cpu.endian" value="little"/>
    <property name="user.home" value="C:\Users\王超杰"/>
    <property name="user.language" value="zh"/>
    <property name="java.specification.vendor" value="Oracle Corporation"/>
    <property name="java.home" value="D:\Java\JDK\jre"/>
    <property name="basedir" value="C:\Users\王超杰\Desktop\MS\MS_Project"/>
    <property name="file.separator" value="\"/>
    <property name="line.separator" value="&#10;"/>
    <property name="java.vm.specification.vendor" value="Oracle Corporation"/>
    <property name="java.specification.name" value="Java Platform API Specification"/>
    <property name="java.awt.graphicsenv" value="sun.awt.Win32GraphicsEnvironment"/>
    <property name="surefire.real.class.path" value="C:\Users\王超杰\AppData\Local\Temp\surefire1780534188460959607\surefirebooter91043618693950614.jar"/>
    <property name="sun.boot.class.path" value="D:\Java\JDK\jre\lib\resources.jar;D:\Java\JDK\jre\lib\rt.jar;D:\Java\JDK\jre\lib\sunrsasign.jar;D:\Java\JDK\jre\lib\jsse.jar;D:\Java\JDK\jre\lib\jce.jar;D:\Java\JDK\jre\lib\charsets.jar;D:\Java\JDK\jre\lib\jfr.jar;D:\Java\JDK\jre\classes"/>
    <property name="user.script" value=""/>
    <property name="sun.management.compiler" value="HotSpot 64-Bit Tiered Compilers"/>
    <property name="java.runtime.version" value="1.8.0_241-b07"/>
    <property name="user.name" value="王超杰"/>
    <property name="path.separator" value=";"/>
    <property name="os.version" value="10.0"/>
    <property name="java.endorsed.dirs" value="D:\Java\JDK\jre\lib\endorsed"/>
    <property name="java.runtime.name" value="Java(TM) SE Runtime Environment"/>
    <property name="file.encoding" value="GBK"/>
    <property name="java.vm.name" value="Java HotSpot(TM) 64-Bit Server VM"/>
    <property name="localRepository" value="D:\Java\apache-maven-3.6.3-bin\newrepository"/>
    <property name="java.vendor.url.bug" value="http://bugreport.sun.com/bugreport/"/>
    <property name="java.io.tmpdir" value="C:\Users\王超杰\AppData\Local\Temp\"/>
    <property name="java.version" value="1.8.0_241"/>
    <property name="user.dir" value="C:\Users\王超杰\Desktop\MS\MS_Project"/>
    <property name="os.arch" value="amd64"/>
    <property name="java.vm.specification.name" value="Java Virtual Machine Specification"/>
    <property name="java.awt.printerjob" value="sun.awt.windows.WPrinterJob"/>
    <property name="sun.os.patch.level" value=""/>
    <property name="java.library.path" value="D:\Java\JDK\jre\bin;C:\WINDOWS\Sun\Java\bin;C:\WINDOWS\system32;C:\WINDOWS;D:\Java\JDK\jre\bin;D:\Java\JDK\bin;D:\Java\JDK7\jre\bin;D:\Java\JDK7\bin;D:\Tomcat\apache-tomcat-9.0.38\lib;D:\Tomcat\apache-tomcat-9.0.38\bin;C:\Windows\System32;D:\Java\apache-maven-3.6.3-bin\apache-maven-3.6.3\bin;D:\Java\git\Git\bin;D:\Java\git\Git\usr\bin;D:\VirtualBox\Xshell\;C:\WINDOWS\system32;C:\WINDOWS;C:\WINDOWS\System32\Wbem;C:\WINDOWS\System32\WindowsPowerShell\v1.0\;C:\WINDOWS\System32\OpenSSH\;D:\VS Code\;D:\Java\RabbitMQ\erlang\erl-24.0\bin;D:\VirtualBox\XFTP\;C:\Users\王超杰\AppData\Local\Microsoft\WindowsApps;C:\Program Files\MySQL\MySQL Server 5.7\bin;D:\Tomcat\apache-tomcat-9.0.38\lib;D:\Tomcat\apache-tomcat-9.0.38\bin;D:\Java\JDK\bin;D:\Java\JDK\jre\bin;D:\Java\apache-maven-3.6.3-bin\apache-maven-3.6.3\bin;;D:\VS Code\Microsoft VS Code\bin;C:\Users\王超杰\AppData\Roaming\npm;."/>
    <property name="java.vm.info" value="mixed mode"/>
    <property name="java.vendor" value="Oracle Corporation"/>
    <property name="java.vm.version" value="25.241-b07"/>
    <property name="java.ext.dirs" value="D:\Java\JDK\jre\lib\ext;C:\WINDOWS\Sun\Java\lib\ext"/>
    <property name="sun.io.unicode.encoding" value="UnicodeLittle"/>
    <property name="java.class.version" value="52.0"/>
  </properties>
  <testcase name="test01" classname="BootTest" time="4.56"/>
  <testcase name="test02" classname="BootTest" time="0.013"/>
</testsuite>